<?xml version="1.0" encoding="UTF-8"?>
<testng-results skipped="0" failed="0" total="1" passed="1">
  <reporter-output>
  </reporter-output>
  <suite name="Default suite" duration-ms="68374" started-at="2015-08-30T21:17:06Z" finished-at="2015-08-30T21:18:14Z">
    <groups>
    </groups>
    <test name="Default test" duration-ms="68374" started-at="2015-08-30T21:17:06Z" finished-at="2015-08-30T21:18:14Z">
      <class name="Getit">
        <test-method status="PASS" signature="setup()[pri:0, instance:Getit@6833ce2c]" name="setup" is-config="true" duration-ms="21933" started-at="2015-08-31T02:47:06Z" finished-at="2015-08-31T02:47:28Z">
          <reporter-output>
          </reporter-output>
        </test-method> <!-- setup -->
        <test-method status="PASS" signature="Site1_cityBase()[pri:0, instance:Getit@6833ce2c]" name="Site1_cityBase" duration-ms="46392" started-at="2015-08-31T02:47:28Z" finished-at="2015-08-31T02:48:14Z">
          <reporter-output>
          </reporter-output>
        </test-method> <!-- Site1_cityBase -->
        <test-method status="PASS" signature="TearDown()[pri:0, instance:Getit@6833ce2c]" name="TearDown" is-config="true" duration-ms="21" started-at="2015-08-31T02:48:14Z" finished-at="2015-08-31T02:48:14Z">
          <reporter-output>
          </reporter-output>
        </test-method> <!-- TearDown -->
      </class> <!-- Getit -->
    </test> <!-- Default test -->
  </suite> <!-- Default suite -->
</testng-results>
